<?xml version="1.0" encoding="UTF-8"?>
<testng-results ignored="0" total="1" passed="1" failed="0" skipped="0">
  <reporter-output>
  </reporter-output>
  <suite started-at="2021-02-28T15:06:07 EET" name="Default suite" finished-at="2021-02-28T15:06:10 EET" duration-ms="3492">
    <groups>
    </groups>
    <test started-at="2021-02-28T15:06:07 EET" name="Default test" finished-at="2021-02-28T15:06:10 EET" duration-ms="3492">
      <class name="testCases.testCase1">
        <test-method is-config="true" signature="beforeClass()[pri:0, instance:testCases.testCase1@a2431d0]" started-at="2021-02-28T15:06:07 EET" name="beforeClass" finished-at="2021-02-28T15:06:10 EET" duration-ms="3456" status="PASS">
          <reporter-output>
          </reporter-output>
        </test-method> <!-- beforeClass -->
        <test-method signature="invalidUserName()[pri:0, instance:testCases.testCase1@a2431d0]" started-at="2021-02-28T15:06:10 EET" name="invalidUserName" finished-at="2021-02-28T15:06:10 EET" duration-ms="6" status="PASS">
          <reporter-output>
          </reporter-output>
        </test-method> <!-- invalidUserName -->
        <test-method is-config="true" signature="afterClass()[pri:0, instance:testCases.testCase1@a2431d0]" started-at="2021-02-28T15:06:10 EET" name="afterClass" finished-at="2021-02-28T15:06:10 EET" duration-ms="1" status="PASS">
          <reporter-output>
          </reporter-output>
        </test-method> <!-- afterClass -->
      </class> <!-- testCases.testCase1 -->
    </test> <!-- Default test -->
  </suite> <!-- Default suite -->
</testng-results>
